<?xml version="1.0" encoding="UTF-8"?>
<!-- Generated by org.testng.reporters.JUnitXMLReporter -->
<testsuite ignored="0" hostname="DESKTOP-4C8FUO1" failures="1" tests="1" name="FaceBook Test" time="13.732" errors="0" timestamp="2022-05-03T10:33:26 IST">
  <testcase classname="TestCases.Testcase1" name="loginTest" time="8.825">
    <failure type="java.lang.AssertionError" message="expected [true] but found [false]">
      <![CDATA[java.lang.AssertionError: expected [true] but found [false]
at TestCases.Testcase1.loginTest(Testcase1.java:28)
at java.base/java.util.ArrayList.forEach(ArrayList.java:1511)
... Removed 31 stack frames]]>
    </failure>
  </testcase> <!-- loginTest -->
</testsuite> <!-- FaceBook Test -->
